[0.013s] Invoking command in '/home/dounia/factory_ws/build/linear_axis_description': CMAKE_PREFIX_PATH=${CMAKE_PREFIX_PATH}:/home/dounia/factory_ws/install/robot_kinematics:/opt/ros/jazzy DEBUGINFOD_URLS=https://debuginfod.ubuntu.com /usr/bin/cmake /home/dounia/factory_ws/src/linear_axis_description -DCMAKE_INSTALL_PREFIX=/home/dounia/factory_ws/install/linear_axis_description
[0.055s] -- The C compiler identification is GNU 13.3.0
[0.102s] -- The CXX compiler identification is GNU 13.3.0
[0.114s] -- Detecting C compiler ABI info
[0.179s] -- Detecting C compiler ABI info - done
[0.189s] -- Check for working C compiler: /usr/bin/cc - skipped
[0.189s] -- Detecting C compile features
[0.189s] -- Detecting C compile features - done
[0.197s] -- Detecting CXX compiler ABI info
[0.274s] -- Detecting CXX compiler ABI info - done
[0.284s] -- Check for working CXX compiler: /usr/bin/c++ - skipped
[0.284s] -- Detecting CXX compile features
[0.285s] -- Detecting CXX compile features - done
[0.287s] -- Found ament_cmake: 2.5.4 (/opt/ros/jazzy/share/ament_cmake/cmake)
[0.408s] -- Found Python3: /usr/bin/python3 (found version "3.12.3") found components: Interpreter 
[0.505s] -- Found urdf: 2.10.0 (/opt/ros/jazzy/share/urdf/cmake)
[0.534s] -- Found TinyXML2 via Config file: /usr/lib/x86_64-linux-gnu/cmake/tinyxml2
[0.541s] -- Found xacro: 2.0.13 (/opt/ros/jazzy/share/xacro/cmake)
[0.542s] -- Found ament_lint_auto: 0.17.2 (/opt/ros/jazzy/share/ament_lint_auto/cmake)
[0.632s] -- Added test 'copyright' to check source files copyright and LICENSE
[0.635s] -- Added test 'flake8' to check Python code syntax and style conventions
[0.635s] -- Configured 'flake8' exclude dirs and/or files: 
[0.635s] -- Added test 'lint_cmake' to check CMake code style
[0.636s] -- Added test 'pep257' to check Python code against some of the docstring style conventions in PEP 257
[0.638s] -- Added test 'xmllint' to check XML markup files
[0.639s] -- Configuring done (0.6s)
[0.642s] -- Generating done (0.0s)
[0.643s] -- Build files have been written to: /home/dounia/factory_ws/build/linear_axis_description
[0.648s] Invoked command in '/home/dounia/factory_ws/build/linear_axis_description' returned '0': CMAKE_PREFIX_PATH=${CMAKE_PREFIX_PATH}:/home/dounia/factory_ws/install/robot_kinematics:/opt/ros/jazzy DEBUGINFOD_URLS=https://debuginfod.ubuntu.com /usr/bin/cmake /home/dounia/factory_ws/src/linear_axis_description -DCMAKE_INSTALL_PREFIX=/home/dounia/factory_ws/install/linear_axis_description
[0.650s] Invoking command in '/home/dounia/factory_ws/build/linear_axis_description': CMAKE_PREFIX_PATH=${CMAKE_PREFIX_PATH}:/home/dounia/factory_ws/install/robot_kinematics:/opt/ros/jazzy DEBUGINFOD_URLS=https://debuginfod.ubuntu.com /usr/bin/cmake --build /home/dounia/factory_ws/build/linear_axis_description -- -j12 -l12
[0.678s] Invoked command in '/home/dounia/factory_ws/build/linear_axis_description' returned '0': CMAKE_PREFIX_PATH=${CMAKE_PREFIX_PATH}:/home/dounia/factory_ws/install/robot_kinematics:/opt/ros/jazzy DEBUGINFOD_URLS=https://debuginfod.ubuntu.com /usr/bin/cmake --build /home/dounia/factory_ws/build/linear_axis_description -- -j12 -l12
[0.685s] Invoking command in '/home/dounia/factory_ws/build/linear_axis_description': CMAKE_PREFIX_PATH=${CMAKE_PREFIX_PATH}:/home/dounia/factory_ws/install/robot_kinematics:/opt/ros/jazzy DEBUGINFOD_URLS=https://debuginfod.ubuntu.com /usr/bin/cmake --install /home/dounia/factory_ws/build/linear_axis_description
[0.691s] -- Install configuration: ""
[0.691s] -- Installing: /home/dounia/factory_ws/install/linear_axis_description/share/linear_axis_description/urdf
[0.692s] -- Installing: /home/dounia/factory_ws/install/linear_axis_description/share/linear_axis_description/urdf/linear_axis.urdf
[0.692s] -- Installing: /home/dounia/factory_ws/install/linear_axis_description/share/linear_axis_description/meshes
[0.692s] -- Installing: /home/dounia/factory_ws/install/linear_axis_description/share/linear_axis_description/meshes/collision
[0.692s] -- Installing: /home/dounia/factory_ws/install/linear_axis_description/share/linear_axis_description/meshes/collision/link_1.obj
[0.692s] -- Installing: /home/dounia/factory_ws/install/linear_axis_description/share/linear_axis_description/meshes/collision/base_link.obj
[0.692s] -- Installing: /home/dounia/factory_ws/install/linear_axis_description/share/linear_axis_description/meshes/visual
[0.692s] -- Installing: /home/dounia/factory_ws/install/linear_axis_description/share/linear_axis_description/meshes/visual/base_link.glb
[0.692s] -- Installing: /home/dounia/factory_ws/install/linear_axis_description/share/linear_axis_description/meshes/visual/link_1.glb
[0.693s] -- Installing: /home/dounia/factory_ws/install/linear_axis_description/share/linear_axis_description/launch
[0.693s] -- Installing: /home/dounia/factory_ws/install/linear_axis_description/share/linear_axis_description/launch/display_linear_axis.launch.py
[0.693s] -- Installing: /home/dounia/factory_ws/install/linear_axis_description/share/linear_axis_description/rviz
[0.694s] -- Installing: /home/dounia/factory_ws/install/linear_axis_description/share/linear_axis_description/config
[0.694s] -- Installing: /home/dounia/factory_ws/install/linear_axis_description/share/ament_index/resource_index/package_run_dependencies/linear_axis_description
[0.695s] -- Installing: /home/dounia/factory_ws/install/linear_axis_description/share/ament_index/resource_index/parent_prefix_path/linear_axis_description
[0.695s] -- Installing: /home/dounia/factory_ws/install/linear_axis_description/share/linear_axis_description/environment/ament_prefix_path.sh
[0.695s] -- Installing: /home/dounia/factory_ws/install/linear_axis_description/share/linear_axis_description/environment/ament_prefix_path.dsv
[0.696s] -- Installing: /home/dounia/factory_ws/install/linear_axis_description/share/linear_axis_description/environment/path.sh
[0.697s] -- Installing: /home/dounia/factory_ws/install/linear_axis_description/share/linear_axis_description/environment/path.dsv
[0.698s] -- Installing: /home/dounia/factory_ws/install/linear_axis_description/share/linear_axis_description/local_setup.bash
[0.698s] -- Installing: /home/dounia/factory_ws/install/linear_axis_description/share/linear_axis_description/local_setup.sh
[0.699s] -- Installing: /home/dounia/factory_ws/install/linear_axis_description/share/linear_axis_description/local_setup.zsh
[0.700s] -- Installing: /home/dounia/factory_ws/install/linear_axis_description/share/linear_axis_description/local_setup.dsv
[0.700s] -- Installing: /home/dounia/factory_ws/install/linear_axis_description/share/linear_axis_description/package.dsv
[0.701s] -- Installing: /home/dounia/factory_ws/install/linear_axis_description/share/ament_index/resource_index/packages/linear_axis_description
[0.701s] -- Installing: /home/dounia/factory_ws/install/linear_axis_description/share/linear_axis_description/cmake/linear_axis_descriptionConfig.cmake
[0.701s] -- Installing: /home/dounia/factory_ws/install/linear_axis_description/share/linear_axis_description/cmake/linear_axis_descriptionConfig-version.cmake
[0.702s] -- Installing: /home/dounia/factory_ws/install/linear_axis_description/share/linear_axis_description/package.xml
[0.707s] Invoked command in '/home/dounia/factory_ws/build/linear_axis_description' returned '0': CMAKE_PREFIX_PATH=${CMAKE_PREFIX_PATH}:/home/dounia/factory_ws/install/robot_kinematics:/opt/ros/jazzy DEBUGINFOD_URLS=https://debuginfod.ubuntu.com /usr/bin/cmake --install /home/dounia/factory_ws/build/linear_axis_description
