/home/dounia/factory_ws/install/robot_kinematics/lib/python3.12/site-packages/robot_kinematics/joint_state_monitor.py
/home/dounia/factory_ws/install/robot_kinematics/lib/python3.12/site-packages/robot_kinematics/robot_kinematics.py
/home/dounia/factory_ws/install/robot_kinematics/lib/python3.12/site-packages/robot_kinematics/__init__.py
/home/dounia/factory_ws/install/robot_kinematics/lib/python3.12/site-packages/robot_kinematics/kinematic_solver.py
/home/dounia/factory_ws/install/robot_kinematics/lib/python3.12/site-packages/robot_kinematics/kinematics_service_node.py
/home/dounia/factory_ws/install/robot_kinematics/lib/python3.12/site-packages/robot_kinematics/robot_parameters.py
/home/dounia/factory_ws/install/robot_kinematics/lib/python3.12/site-packages/robot_kinematics/__pycache__/joint_state_monitor.cpython-312.pyc
/home/dounia/factory_ws/install/robot_kinematics/lib/python3.12/site-packages/robot_kinematics/__pycache__/robot_kinematics.cpython-312.pyc
/home/dounia/factory_ws/install/robot_kinematics/lib/python3.12/site-packages/robot_kinematics/__pycache__/__init__.cpython-312.pyc
/home/dounia/factory_ws/install/robot_kinematics/lib/python3.12/site-packages/robot_kinematics/__pycache__/kinematic_solver.cpython-312.pyc
/home/dounia/factory_ws/install/robot_kinematics/lib/python3.12/site-packages/robot_kinematics/__pycache__/kinematics_service_node.cpython-312.pyc
/home/dounia/factory_ws/install/robot_kinematics/lib/python3.12/site-packages/robot_kinematics/__pycache__/robot_parameters.cpython-312.pyc
/home/dounia/factory_ws/install/robot_kinematics/share/ament_index/resource_index/packages/robot_kinematics
/home/dounia/factory_ws/install/robot_kinematics/share/robot_kinematics/package.xml
/home/dounia/factory_ws/install/robot_kinematics/lib/python3.12/site-packages/robot_kinematics-0.0.0-py3.12.egg-info/PKG-INFO
/home/dounia/factory_ws/install/robot_kinematics/lib/python3.12/site-packages/robot_kinematics-0.0.0-py3.12.egg-info/requires.txt
/home/dounia/factory_ws/install/robot_kinematics/lib/python3.12/site-packages/robot_kinematics-0.0.0-py3.12.egg-info/top_level.txt
/home/dounia/factory_ws/install/robot_kinematics/lib/python3.12/site-packages/robot_kinematics-0.0.0-py3.12.egg-info/SOURCES.txt
/home/dounia/factory_ws/install/robot_kinematics/lib/python3.12/site-packages/robot_kinematics-0.0.0-py3.12.egg-info/dependency_links.txt
/home/dounia/factory_ws/install/robot_kinematics/lib/python3.12/site-packages/robot_kinematics-0.0.0-py3.12.egg-info/entry_points.txt
/home/dounia/factory_ws/install/robot_kinematics/lib/python3.12/site-packages/robot_kinematics-0.0.0-py3.12.egg-info/zip-safe
/home/dounia/factory_ws/install/robot_kinematics/lib/robot_kinematics/joint_state_monitor
/home/dounia/factory_ws/install/robot_kinematics/lib/robot_kinematics/kinematics_service
