[0.006s] Invoking command in '/home/dounia/factory_ws/build/factory_launch': CMAKE_PREFIX_PATH=/home/dounia/factory_ws/install/linear_axis_description:/home/dounia/factory_ws/install/factory_robot_description:/home/dounia/factory_ws/install/factory_launch:/opt/ros/jazzy/opt/gz_math_vendor:/opt/ros/jazzy/opt/gz_utils_vendor:/opt/ros/jazzy/opt/gz_cmake_vendor:/home/dounia/factory_ws/install/robot_kinematics:/opt/ros/jazzy DEBUGINFOD_URLS=https://debuginfod.ubuntu.com /usr/bin/cmake /home/dounia/factory_ws/src/factory_launch -DCMAKE_INSTALL_PREFIX=/home/dounia/factory_ws/install/factory_launch
[0.049s] -- The C compiler identification is GNU 13.3.0
[0.095s] -- The CXX compiler identification is GNU 13.3.0
[0.107s] -- Detecting C compiler ABI info
[0.174s] -- Detecting C compiler ABI info - done
[0.183s] -- Check for working C compiler: /usr/bin/cc - skipped
[0.184s] -- Detecting C compile features
[0.184s] -- Detecting C compile features - done
[0.191s] -- Detecting CXX compiler ABI info
[0.280s] -- Detecting CXX compiler ABI info - done
[0.296s] -- Check for working CXX compiler: /usr/bin/c++ - skipped
[0.296s] -- Detecting CXX compile features
[0.297s] -- Detecting CXX compile features - done
[0.299s] -- Found ament_cmake: 2.5.4 (/opt/ros/jazzy/share/ament_cmake/cmake)
[0.422s] -- Found Python3: /usr/bin/python3 (found version "3.12.3") found components: Interpreter 
[0.584s] -- Configuring done (0.6s)
[0.587s] -- Generating done (0.0s)
[0.588s] -- Build files have been written to: /home/dounia/factory_ws/build/factory_launch
[0.593s] Invoked command in '/home/dounia/factory_ws/build/factory_launch' returned '0': CMAKE_PREFIX_PATH=/home/dounia/factory_ws/install/linear_axis_description:/home/dounia/factory_ws/install/factory_robot_description:/home/dounia/factory_ws/install/factory_launch:/opt/ros/jazzy/opt/gz_math_vendor:/opt/ros/jazzy/opt/gz_utils_vendor:/opt/ros/jazzy/opt/gz_cmake_vendor:/home/dounia/factory_ws/install/robot_kinematics:/opt/ros/jazzy DEBUGINFOD_URLS=https://debuginfod.ubuntu.com /usr/bin/cmake /home/dounia/factory_ws/src/factory_launch -DCMAKE_INSTALL_PREFIX=/home/dounia/factory_ws/install/factory_launch
[0.594s] Invoking command in '/home/dounia/factory_ws/build/factory_launch': CMAKE_PREFIX_PATH=/home/dounia/factory_ws/install/linear_axis_description:/home/dounia/factory_ws/install/factory_robot_description:/home/dounia/factory_ws/install/factory_launch:/opt/ros/jazzy/opt/gz_math_vendor:/opt/ros/jazzy/opt/gz_utils_vendor:/opt/ros/jazzy/opt/gz_cmake_vendor:/home/dounia/factory_ws/install/robot_kinematics:/opt/ros/jazzy DEBUGINFOD_URLS=https://debuginfod.ubuntu.com /usr/bin/cmake --build /home/dounia/factory_ws/build/factory_launch -- -j12 -l12
[0.623s] Invoked command in '/home/dounia/factory_ws/build/factory_launch' returned '0': CMAKE_PREFIX_PATH=/home/dounia/factory_ws/install/linear_axis_description:/home/dounia/factory_ws/install/factory_robot_description:/home/dounia/factory_ws/install/factory_launch:/opt/ros/jazzy/opt/gz_math_vendor:/opt/ros/jazzy/opt/gz_utils_vendor:/opt/ros/jazzy/opt/gz_cmake_vendor:/home/dounia/factory_ws/install/robot_kinematics:/opt/ros/jazzy DEBUGINFOD_URLS=https://debuginfod.ubuntu.com /usr/bin/cmake --build /home/dounia/factory_ws/build/factory_launch -- -j12 -l12
[0.624s] Invoking command in '/home/dounia/factory_ws/build/factory_launch': CMAKE_PREFIX_PATH=/home/dounia/factory_ws/install/linear_axis_description:/home/dounia/factory_ws/install/factory_robot_description:/home/dounia/factory_ws/install/factory_launch:/opt/ros/jazzy/opt/gz_math_vendor:/opt/ros/jazzy/opt/gz_utils_vendor:/opt/ros/jazzy/opt/gz_cmake_vendor:/home/dounia/factory_ws/install/robot_kinematics:/opt/ros/jazzy DEBUGINFOD_URLS=https://debuginfod.ubuntu.com /usr/bin/cmake --install /home/dounia/factory_ws/build/factory_launch
[0.630s] -- Install configuration: ""
[0.630s] -- Installing: /home/dounia/factory_ws/install/factory_launch/share/factory_launch/launch
[0.630s] -- Installing: /home/dounia/factory_ws/install/factory_launch/share/factory_launch/launch/display_system.launch.py
[0.630s] -- Installing: /home/dounia/factory_ws/install/factory_launch/share/ament_index/resource_index/package_run_dependencies/factory_launch
[0.630s] -- Installing: /home/dounia/factory_ws/install/factory_launch/share/ament_index/resource_index/parent_prefix_path/factory_launch
[0.630s] -- Installing: /home/dounia/factory_ws/install/factory_launch/share/factory_launch/environment/ament_prefix_path.sh
[0.631s] -- Installing: /home/dounia/factory_ws/install/factory_launch/share/factory_launch/environment/ament_prefix_path.dsv
[0.631s] -- Installing: /home/dounia/factory_ws/install/factory_launch/share/factory_launch/environment/path.sh
[0.631s] -- Installing: /home/dounia/factory_ws/install/factory_launch/share/factory_launch/environment/path.dsv
[0.631s] -- Installing: /home/dounia/factory_ws/install/factory_launch/share/factory_launch/local_setup.bash
[0.631s] -- Installing: /home/dounia/factory_ws/install/factory_launch/share/factory_launch/local_setup.sh
[0.631s] -- Installing: /home/dounia/factory_ws/install/factory_launch/share/factory_launch/local_setup.zsh
[0.631s] -- Installing: /home/dounia/factory_ws/install/factory_launch/share/factory_launch/local_setup.dsv
[0.631s] -- Installing: /home/dounia/factory_ws/install/factory_launch/share/factory_launch/package.dsv
[0.631s] -- Installing: /home/dounia/factory_ws/install/factory_launch/share/ament_index/resource_index/packages/factory_launch
[0.631s] -- Installing: /home/dounia/factory_ws/install/factory_launch/share/factory_launch/cmake/factory_launchConfig.cmake
[0.631s] -- Installing: /home/dounia/factory_ws/install/factory_launch/share/factory_launch/cmake/factory_launchConfig-version.cmake
[0.632s] -- Installing: /home/dounia/factory_ws/install/factory_launch/share/factory_launch/package.xml
[0.633s] Invoked command in '/home/dounia/factory_ws/build/factory_launch' returned '0': CMAKE_PREFIX_PATH=/home/dounia/factory_ws/install/linear_axis_description:/home/dounia/factory_ws/install/factory_robot_description:/home/dounia/factory_ws/install/factory_launch:/opt/ros/jazzy/opt/gz_math_vendor:/opt/ros/jazzy/opt/gz_utils_vendor:/opt/ros/jazzy/opt/gz_cmake_vendor:/home/dounia/factory_ws/install/robot_kinematics:/opt/ros/jazzy DEBUGINFOD_URLS=https://debuginfod.ubuntu.com /usr/bin/cmake --install /home/dounia/factory_ws/build/factory_launch
