running egg_info
creating ../../build/robot_kinematics/robot_kinematics.egg-info
writing ../../build/robot_kinematics/robot_kinematics.egg-info/PKG-INFO
writing dependency_links to ../../build/robot_kinematics/robot_kinematics.egg-info/dependency_links.txt
writing entry points to ../../build/robot_kinematics/robot_kinematics.egg-info/entry_points.txt
writing requirements to ../../build/robot_kinematics/robot_kinematics.egg-info/requires.txt
writing top-level names to ../../build/robot_kinematics/robot_kinematics.egg-info/top_level.txt
writing manifest file '../../build/robot_kinematics/robot_kinematics.egg-info/SOURCES.txt'
reading manifest file '../../build/robot_kinematics/robot_kinematics.egg-info/SOURCES.txt'
writing manifest file '../../build/robot_kinematics/robot_kinematics.egg-info/SOURCES.txt'
running build
running build_py
creating /home/dounia/factory_ws/build/robot_kinematics/build
creating /home/dounia/factory_ws/build/robot_kinematics/build/lib
creating /home/dounia/factory_ws/build/robot_kinematics/build/lib/robot_kinematics
copying robot_kinematics/joint_state_monitor.py -> /home/dounia/factory_ws/build/robot_kinematics/build/lib/robot_kinematics
copying robot_kinematics/robot_kinematics.py -> /home/dounia/factory_ws/build/robot_kinematics/build/lib/robot_kinematics
copying robot_kinematics/__init__.py -> /home/dounia/factory_ws/build/robot_kinematics/build/lib/robot_kinematics
copying robot_kinematics/kinematic_solver.py -> /home/dounia/factory_ws/build/robot_kinematics/build/lib/robot_kinematics
copying robot_kinematics/kinematics_service_node.py -> /home/dounia/factory_ws/build/robot_kinematics/build/lib/robot_kinematics
copying robot_kinematics/robot_parameters.py -> /home/dounia/factory_ws/build/robot_kinematics/build/lib/robot_kinematics
running install
running install_lib
creating /home/dounia/factory_ws/install/robot_kinematics/lib/python3.12/site-packages/robot_kinematics
copying /home/dounia/factory_ws/build/robot_kinematics/build/lib/robot_kinematics/joint_state_monitor.py -> /home/dounia/factory_ws/install/robot_kinematics/lib/python3.12/site-packages/robot_kinematics
copying /home/dounia/factory_ws/build/robot_kinematics/build/lib/robot_kinematics/robot_kinematics.py -> /home/dounia/factory_ws/install/robot_kinematics/lib/python3.12/site-packages/robot_kinematics
copying /home/dounia/factory_ws/build/robot_kinematics/build/lib/robot_kinematics/__init__.py -> /home/dounia/factory_ws/install/robot_kinematics/lib/python3.12/site-packages/robot_kinematics
copying /home/dounia/factory_ws/build/robot_kinematics/build/lib/robot_kinematics/kinematic_solver.py -> /home/dounia/factory_ws/install/robot_kinematics/lib/python3.12/site-packages/robot_kinematics
copying /home/dounia/factory_ws/build/robot_kinematics/build/lib/robot_kinematics/kinematics_service_node.py -> /home/dounia/factory_ws/install/robot_kinematics/lib/python3.12/site-packages/robot_kinematics
copying /home/dounia/factory_ws/build/robot_kinematics/build/lib/robot_kinematics/robot_parameters.py -> /home/dounia/factory_ws/install/robot_kinematics/lib/python3.12/site-packages/robot_kinematics
byte-compiling /home/dounia/factory_ws/install/robot_kinematics/lib/python3.12/site-packages/robot_kinematics/joint_state_monitor.py to joint_state_monitor.cpython-312.pyc
byte-compiling /home/dounia/factory_ws/install/robot_kinematics/lib/python3.12/site-packages/robot_kinematics/robot_kinematics.py to robot_kinematics.cpython-312.pyc
byte-compiling /home/dounia/factory_ws/install/robot_kinematics/lib/python3.12/site-packages/robot_kinematics/__init__.py to __init__.cpython-312.pyc
byte-compiling /home/dounia/factory_ws/install/robot_kinematics/lib/python3.12/site-packages/robot_kinematics/kinematic_solver.py to kinematic_solver.cpython-312.pyc
byte-compiling /home/dounia/factory_ws/install/robot_kinematics/lib/python3.12/site-packages/robot_kinematics/kinematics_service_node.py to kinematics_service_node.cpython-312.pyc
byte-compiling /home/dounia/factory_ws/install/robot_kinematics/lib/python3.12/site-packages/robot_kinematics/robot_parameters.py to robot_parameters.cpython-312.pyc
running install_data
creating /home/dounia/factory_ws/install/robot_kinematics/share/ament_index
creating /home/dounia/factory_ws/install/robot_kinematics/share/ament_index/resource_index
creating /home/dounia/factory_ws/install/robot_kinematics/share/ament_index/resource_index/packages
copying resource/robot_kinematics -> /home/dounia/factory_ws/install/robot_kinematics/share/ament_index/resource_index/packages
copying package.xml -> /home/dounia/factory_ws/install/robot_kinematics/share/robot_kinematics
running install_egg_info
Copying ../../build/robot_kinematics/robot_kinematics.egg-info to /home/dounia/factory_ws/install/robot_kinematics/lib/python3.12/site-packages/robot_kinematics-0.0.0-py3.12.egg-info
running install_scripts
Installing joint_state_monitor script to /home/dounia/factory_ws/install/robot_kinematics/lib/robot_kinematics
Installing kinematics_service script to /home/dounia/factory_ws/install/robot_kinematics/lib/robot_kinematics
writing list of installed files to '/home/dounia/factory_ws/build/robot_kinematics/install.log'
