[0.784s] Invoking command in '/home/dounia/factory_ws/src/robot_kinematics': DEBUGINFOD_URLS=https://debuginfod.ubuntu.com PYTHONPATH=/home/dounia/factory_ws/build/robot_kinematics/prefix_override:/usr/lib/python3/dist-packages/colcon_core/task/python/colcon_distutils_commands:/home/dounia/factory_ws/install/robot_kinematics/lib/python3.12/site-packages:${PYTHONPATH} /usr/bin/python3 -W ignore:setup.py install is deprecated -W ignore:easy_install command is deprecated setup.py egg_info --egg-base ../../build/robot_kinematics build --build-base /home/dounia/factory_ws/build/robot_kinematics/build install --record /home/dounia/factory_ws/build/robot_kinematics/install.log --single-version-externally-managed install_data
[1.054s] running egg_info
[1.054s] creating ../../build/robot_kinematics/robot_kinematics.egg-info
[1.074s] writing ../../build/robot_kinematics/robot_kinematics.egg-info/PKG-INFO
[1.074s] writing dependency_links to ../../build/robot_kinematics/robot_kinematics.egg-info/dependency_links.txt
[1.074s] writing entry points to ../../build/robot_kinematics/robot_kinematics.egg-info/entry_points.txt
[1.074s] writing requirements to ../../build/robot_kinematics/robot_kinematics.egg-info/requires.txt
[1.074s] writing top-level names to ../../build/robot_kinematics/robot_kinematics.egg-info/top_level.txt
[1.074s] writing manifest file '../../build/robot_kinematics/robot_kinematics.egg-info/SOURCES.txt'
[1.117s] reading manifest file '../../build/robot_kinematics/robot_kinematics.egg-info/SOURCES.txt'
[1.117s] writing manifest file '../../build/robot_kinematics/robot_kinematics.egg-info/SOURCES.txt'
[1.117s] running build
[1.117s] running build_py
[1.118s] creating /home/dounia/factory_ws/build/robot_kinematics/build
[1.118s] creating /home/dounia/factory_ws/build/robot_kinematics/build/lib
[1.118s] creating /home/dounia/factory_ws/build/robot_kinematics/build/lib/robot_kinematics
[1.118s] copying robot_kinematics/joint_state_monitor.py -> /home/dounia/factory_ws/build/robot_kinematics/build/lib/robot_kinematics
[1.118s] copying robot_kinematics/robot_kinematics.py -> /home/dounia/factory_ws/build/robot_kinematics/build/lib/robot_kinematics
[1.118s] copying robot_kinematics/__init__.py -> /home/dounia/factory_ws/build/robot_kinematics/build/lib/robot_kinematics
[1.118s] copying robot_kinematics/kinematic_solver.py -> /home/dounia/factory_ws/build/robot_kinematics/build/lib/robot_kinematics
[1.118s] copying robot_kinematics/kinematics_service_node.py -> /home/dounia/factory_ws/build/robot_kinematics/build/lib/robot_kinematics
[1.118s] copying robot_kinematics/robot_parameters.py -> /home/dounia/factory_ws/build/robot_kinematics/build/lib/robot_kinematics
[1.119s] running install
[1.124s] running install_lib
[1.143s] creating /home/dounia/factory_ws/install/robot_kinematics/lib/python3.12/site-packages/robot_kinematics
[1.143s] copying /home/dounia/factory_ws/build/robot_kinematics/build/lib/robot_kinematics/joint_state_monitor.py -> /home/dounia/factory_ws/install/robot_kinematics/lib/python3.12/site-packages/robot_kinematics
[1.143s] copying /home/dounia/factory_ws/build/robot_kinematics/build/lib/robot_kinematics/robot_kinematics.py -> /home/dounia/factory_ws/install/robot_kinematics/lib/python3.12/site-packages/robot_kinematics
[1.144s] copying /home/dounia/factory_ws/build/robot_kinematics/build/lib/robot_kinematics/__init__.py -> /home/dounia/factory_ws/install/robot_kinematics/lib/python3.12/site-packages/robot_kinematics
[1.144s] copying /home/dounia/factory_ws/build/robot_kinematics/build/lib/robot_kinematics/kinematic_solver.py -> /home/dounia/factory_ws/install/robot_kinematics/lib/python3.12/site-packages/robot_kinematics
[1.144s] copying /home/dounia/factory_ws/build/robot_kinematics/build/lib/robot_kinematics/kinematics_service_node.py -> /home/dounia/factory_ws/install/robot_kinematics/lib/python3.12/site-packages/robot_kinematics
[1.144s] copying /home/dounia/factory_ws/build/robot_kinematics/build/lib/robot_kinematics/robot_parameters.py -> /home/dounia/factory_ws/install/robot_kinematics/lib/python3.12/site-packages/robot_kinematics
[1.144s] byte-compiling /home/dounia/factory_ws/install/robot_kinematics/lib/python3.12/site-packages/robot_kinematics/joint_state_monitor.py to joint_state_monitor.cpython-312.pyc
[1.146s] byte-compiling /home/dounia/factory_ws/install/robot_kinematics/lib/python3.12/site-packages/robot_kinematics/robot_kinematics.py to robot_kinematics.cpython-312.pyc
[1.147s] byte-compiling /home/dounia/factory_ws/install/robot_kinematics/lib/python3.12/site-packages/robot_kinematics/__init__.py to __init__.cpython-312.pyc
[1.147s] byte-compiling /home/dounia/factory_ws/install/robot_kinematics/lib/python3.12/site-packages/robot_kinematics/kinematic_solver.py to kinematic_solver.cpython-312.pyc
[1.148s] byte-compiling /home/dounia/factory_ws/install/robot_kinematics/lib/python3.12/site-packages/robot_kinematics/kinematics_service_node.py to kinematics_service_node.cpython-312.pyc
[1.149s] byte-compiling /home/dounia/factory_ws/install/robot_kinematics/lib/python3.12/site-packages/robot_kinematics/robot_parameters.py to robot_parameters.cpython-312.pyc
[1.151s] running install_data
[1.151s] creating /home/dounia/factory_ws/install/robot_kinematics/share/ament_index
[1.151s] creating /home/dounia/factory_ws/install/robot_kinematics/share/ament_index/resource_index
[1.151s] creating /home/dounia/factory_ws/install/robot_kinematics/share/ament_index/resource_index/packages
[1.151s] copying resource/robot_kinematics -> /home/dounia/factory_ws/install/robot_kinematics/share/ament_index/resource_index/packages
[1.151s] copying package.xml -> /home/dounia/factory_ws/install/robot_kinematics/share/robot_kinematics
[1.152s] running install_egg_info
[1.171s] Copying ../../build/robot_kinematics/robot_kinematics.egg-info to /home/dounia/factory_ws/install/robot_kinematics/lib/python3.12/site-packages/robot_kinematics-0.0.0-py3.12.egg-info
[1.172s] running install_scripts
[1.299s] Installing joint_state_monitor script to /home/dounia/factory_ws/install/robot_kinematics/lib/robot_kinematics
[1.299s] Installing kinematics_service script to /home/dounia/factory_ws/install/robot_kinematics/lib/robot_kinematics
[1.300s] writing list of installed files to '/home/dounia/factory_ws/build/robot_kinematics/install.log'
[1.326s] Invoked command in '/home/dounia/factory_ws/src/robot_kinematics' returned '0': DEBUGINFOD_URLS=https://debuginfod.ubuntu.com PYTHONPATH=/home/dounia/factory_ws/build/robot_kinematics/prefix_override:/usr/lib/python3/dist-packages/colcon_core/task/python/colcon_distutils_commands:/home/dounia/factory_ws/install/robot_kinematics/lib/python3.12/site-packages:${PYTHONPATH} /usr/bin/python3 -W ignore:setup.py install is deprecated -W ignore:easy_install command is deprecated setup.py egg_info --egg-base ../../build/robot_kinematics build --build-base /home/dounia/factory_ws/build/robot_kinematics/build install --record /home/dounia/factory_ws/build/robot_kinematics/install.log --single-version-externally-managed install_data
